android/build/intermediates/manifest_merge_blame_file/debug/manifest-merger-blame-debug-report.txt
1<?xml version="1.0" encoding="utf-8"?>
2<manifest xmlns:android="http://schemas.android.com/apk/res/android"
3    package="com.reactnativecritizr" >
4
5    <uses-sdk android:minSdkVersion="21" />
5-->src/main/AndroidManifest.xml
6
7    <uses-permission android:name="android.permission.INTERNET" />
7-->src/main/AndroidManifest.xml:6:3-64
7-->src/main/AndroidManifest.xml:6:20-62
8    <uses-permission android:name="android.permission.ACCESS_FINE_LOCATION" />
8-->src/main/AndroidManifest.xml:7:3-76
8-->src/main/AndroidManifest.xml:7:20-74
9
10    <application>
10-->src/main/AndroidManifest.xml:9:3-12:17
11        <activity android:name="com.CritizrSDK.CritizrActivity" />
11-->src/main/AndroidManifest.xml:10:5-62
11-->src/main/AndroidManifest.xml:10:15-60
12
13        <uses-library
13-->src/main/AndroidManifest.xml:11:5-83
14            android:name="org.apache.http.legacy"
14-->src/main/AndroidManifest.xml:11:19-56
15            android:required="false" />
15-->src/main/AndroidManifest.xml:11:57-81
16    </application>
17
18</manifest>